2021-04-14 13:48:54.308 > =========================================== Started
2021-04-14 13:48:54.318 > [INF] loadFolder: /home/eran/matlab/AstroPack/matlab/base/../../config
2021-04-14 13:48:54.335 > [INF] Adding property: A.b
2021-04-14 13:48:54.339 > [INF] loadYaml: Loading file: /home/eran/matlab/AstroPack/config/A.b.yml
2021-04-14 13:48:55.409 > [INF] Adding property: BitMask.Image.Default
2021-04-14 13:48:55.451 > [INF] loadYaml: Loading file: /home/eran/matlab/AstroPack/config/BitMask.Image.Default.yml
2021-04-14 13:48:55.554 > [ERR] loadYaml: Exception loading file: /home/eran/matlab/AstroPack/config/BitMask.Image.Default.yml
2021-04-14 13:48:55.556 > [ERR] loadFile: Exception: /home/eran/matlab/AstroPack/config/BitMask.Image.Default.yml
2021-04-14 13:48:55.558 > [INF] Adding property: Header.Comments.Default
2021-04-14 13:48:55.559 > [INF] loadYaml: Loading file: /home/eran/matlab/AstroPack/config/Header.Comments.Default.yml
2021-04-14 13:48:55.741 > [INF] Adding property: Header.KeyNames.Default
2021-04-14 13:48:55.743 > [INF] loadYaml: Loading file: /home/eran/matlab/AstroPack/config/Header.KeyNames.Default.yml
2021-04-14 13:48:55.928 > [INF] Adding property: Header.Synonyms.KeyNames
2021-04-14 13:48:55.930 > [INF] loadYaml: Loading file: /home/eran/matlab/AstroPack/config/Header.Synonyms.KeyNames.yml
2021-04-14 13:48:55.988 > [INF] Adding property: Header.Synonyms.KeyVal.IMTYPE
2021-04-14 13:48:55.989 > [INF] loadYaml: Loading file: /home/eran/matlab/AstroPack/config/Header.Synonyms.KeyVal.IMTYPE.yml
2021-04-14 13:48:55.999 > [ERR] loadYaml: Exception loading file: /home/eran/matlab/AstroPack/config/Header.Synonyms.KeyVal.IMTYPE.yml
2021-04-14 13:48:56.001 > [ERR] loadFile: Exception: /home/eran/matlab/AstroPack/config/Header.Synonyms.KeyVal.IMTYPE.yml
2021-04-14 13:48:56.002 > [INF] Adding property: Header.Time.KeyNames
2021-04-14 13:48:56.003 > [INF] loadYaml: Loading file: /home/eran/matlab/AstroPack/config/Header.Time.KeyNames.yml
2021-04-14 13:48:56.009 > [ERR] loadYaml: Exception loading file: /home/eran/matlab/AstroPack/config/Header.Time.KeyNames.yml
2021-04-14 13:48:56.010 > [ERR] loadFile: Exception: /home/eran/matlab/AstroPack/config/Header.Time.KeyNames.yml
2021-04-14 13:48:56.011 > [INF] Adding property: header
2021-04-14 13:48:56.012 > [INF] loadYaml: Loading file: /home/eran/matlab/AstroPack/config/header.yml
2021-04-14 13:48:56.018 > [ERR] loadYaml: Exception loading file: /home/eran/matlab/AstroPack/config/header.yml
2021-04-14 13:48:56.019 > [ERR] loadFile: Exception: /home/eran/matlab/AstroPack/config/header.yml
2021-04-14 13:48:56.020 > [INF] Adding property: pipeline
2021-04-14 13:48:56.021 > [INF] loadYaml: Loading file: /home/eran/matlab/AstroPack/config/pipeline.yml
2021-04-14 13:48:56.068 > [INF] Adding property: system
2021-04-14 13:48:56.068 > [INF] loadYaml: Loading file: /home/eran/matlab/AstroPack/config/system.yml
2021-04-14 13:48:56.094 > [INF] Adding property: unittest
2021-04-14 13:48:56.096 > [INF] loadYaml: Loading file: /home/eran/matlab/AstroPack/config/unittest.yml
2021-04-14 13:48:56.179 > [INF] loadFolder: /home/eran/matlab/AstroPack/matlab/base/../../config/local
2021-04-14 14:03:28.779 > [INF] loadFolder: /home/eran/matlab/AstroPack/matlab/base/../../config
2021-04-14 14:03:28.793 > [INF] Adding property: A.b
2021-04-14 14:03:28.794 > [INF] loadYaml: Loading file: /home/eran/matlab/AstroPack/config/A.b.yml
2021-04-14 14:03:28.900 > [INF] Adding property: BitMask.Image.Default
2021-04-14 14:03:28.901 > [INF] loadYaml: Loading file: /home/eran/matlab/AstroPack/config/BitMask.Image.Default.yml
2021-04-14 14:03:28.911 > [ERR] loadYaml: Exception loading file: /home/eran/matlab/AstroPack/config/BitMask.Image.Default.yml
2021-04-14 14:03:28.912 > [ERR] loadFile: Exception: /home/eran/matlab/AstroPack/config/BitMask.Image.Default.yml
2021-04-14 14:03:28.913 > [INF] Adding property: Header.Comments.Default
2021-04-14 14:03:28.914 > [INF] loadYaml: Loading file: /home/eran/matlab/AstroPack/config/Header.Comments.Default.yml
2021-04-14 14:03:29.090 > [INF] Adding property: Header.KeyNames.Default
2021-04-14 14:03:29.091 > [INF] loadYaml: Loading file: /home/eran/matlab/AstroPack/config/Header.KeyNames.Default.yml
2021-04-14 14:03:29.263 > [INF] Adding property: Header.Synonyms.KeyNames
2021-04-14 14:03:29.264 > [INF] loadYaml: Loading file: /home/eran/matlab/AstroPack/config/Header.Synonyms.KeyNames.yml
2021-04-14 14:03:29.296 > [INF] Adding property: Header.Synonyms.KeyVal.IMTYPE
2021-04-14 14:03:29.297 > [INF] loadYaml: Loading file: /home/eran/matlab/AstroPack/config/Header.Synonyms.KeyVal.IMTYPE.yml
2021-04-14 14:03:29.304 > [ERR] loadYaml: Exception loading file: /home/eran/matlab/AstroPack/config/Header.Synonyms.KeyVal.IMTYPE.yml
2021-04-14 14:03:29.305 > [ERR] loadFile: Exception: /home/eran/matlab/AstroPack/config/Header.Synonyms.KeyVal.IMTYPE.yml
2021-04-14 14:03:29.306 > [INF] Adding property: Header.Time.KeyNames
2021-04-14 14:03:29.307 > [INF] loadYaml: Loading file: /home/eran/matlab/AstroPack/config/Header.Time.KeyNames.yml
2021-04-14 14:03:29.314 > [ERR] loadYaml: Exception loading file: /home/eran/matlab/AstroPack/config/Header.Time.KeyNames.yml
2021-04-14 14:03:29.315 > [ERR] loadFile: Exception: /home/eran/matlab/AstroPack/config/Header.Time.KeyNames.yml
2021-04-14 14:03:29.316 > [INF] Adding property: header
2021-04-14 14:03:29.317 > [INF] loadYaml: Loading file: /home/eran/matlab/AstroPack/config/header.yml
2021-04-14 14:03:29.324 > [ERR] loadYaml: Exception loading file: /home/eran/matlab/AstroPack/config/header.yml
2021-04-14 14:03:29.325 > [ERR] loadFile: Exception: /home/eran/matlab/AstroPack/config/header.yml
2021-04-14 14:03:29.327 > [INF] Adding property: pipeline
2021-04-14 14:03:29.328 > [INF] loadYaml: Loading file: /home/eran/matlab/AstroPack/config/pipeline.yml
2021-04-14 14:03:29.369 > [INF] Adding property: system
2021-04-14 14:03:29.370 > [INF] loadYaml: Loading file: /home/eran/matlab/AstroPack/config/system.yml
2021-04-14 14:03:29.395 > [INF] Adding property: unittest
2021-04-14 14:03:29.396 > [INF] loadYaml: Loading file: /home/eran/matlab/AstroPack/config/unittest.yml
2021-04-14 14:03:29.470 > [INF] loadFolder: /home/eran/matlab/AstroPack/matlab/base/../../config/local
2021-04-14 14:03:42.214 > [INF] loadFolder: /home/eran/matlab/AstroPack/matlab/base/../../config
2021-04-14 14:03:42.218 > [INF] Adding property: A.b
2021-04-14 14:03:42.219 > [INF] loadYaml: Loading file: /home/eran/matlab/AstroPack/config/A.b.yml
2021-04-14 14:03:42.327 > [INF] Adding property: BitMask.Image.Default
2021-04-14 14:03:42.328 > [INF] loadYaml: Loading file: /home/eran/matlab/AstroPack/config/BitMask.Image.Default.yml
2021-04-14 14:03:42.336 > [ERR] loadYaml: Exception loading file: /home/eran/matlab/AstroPack/config/BitMask.Image.Default.yml
2021-04-14 14:03:42.338 > [ERR] loadFile: Exception: /home/eran/matlab/AstroPack/config/BitMask.Image.Default.yml
2021-04-14 14:03:42.339 > [INF] Adding property: Header.Comments.Default
2021-04-14 14:03:42.340 > [INF] loadYaml: Loading file: /home/eran/matlab/AstroPack/config/Header.Comments.Default.yml
2021-04-14 14:03:42.522 > [INF] Adding property: Header.KeyNames.Default
2021-04-14 14:03:42.523 > [INF] loadYaml: Loading file: /home/eran/matlab/AstroPack/config/Header.KeyNames.Default.yml
2021-04-14 14:03:42.689 > [INF] Adding property: Header.Synonyms.KeyNames
2021-04-14 14:03:42.690 > [INF] loadYaml: Loading file: /home/eran/matlab/AstroPack/config/Header.Synonyms.KeyNames.yml
2021-04-14 14:03:42.722 > [INF] Adding property: Header.Synonyms.KeyVal.IMTYPE
2021-04-14 14:03:42.723 > [INF] loadYaml: Loading file: /home/eran/matlab/AstroPack/config/Header.Synonyms.KeyVal.IMTYPE.yml
2021-04-14 14:03:42.729 > [ERR] loadYaml: Exception loading file: /home/eran/matlab/AstroPack/config/Header.Synonyms.KeyVal.IMTYPE.yml
2021-04-14 14:03:42.730 > [ERR] loadFile: Exception: /home/eran/matlab/AstroPack/config/Header.Synonyms.KeyVal.IMTYPE.yml
2021-04-14 14:03:42.731 > [INF] Adding property: Header.Time.KeyNames
2021-04-14 14:03:42.732 > [INF] loadYaml: Loading file: /home/eran/matlab/AstroPack/config/Header.Time.KeyNames.yml
2021-04-14 14:03:42.737 > [ERR] loadYaml: Exception loading file: /home/eran/matlab/AstroPack/config/Header.Time.KeyNames.yml
2021-04-14 14:03:42.739 > [ERR] loadFile: Exception: /home/eran/matlab/AstroPack/config/Header.Time.KeyNames.yml
2021-04-14 14:03:42.740 > [INF] Adding property: header
2021-04-14 14:03:42.741 > [INF] loadYaml: Loading file: /home/eran/matlab/AstroPack/config/header.yml
2021-04-14 14:03:42.747 > [ERR] loadYaml: Exception loading file: /home/eran/matlab/AstroPack/config/header.yml
2021-04-14 14:03:42.748 > [ERR] loadFile: Exception: /home/eran/matlab/AstroPack/config/header.yml
2021-04-14 14:03:42.749 > [INF] Adding property: pipeline
2021-04-14 14:03:42.750 > [INF] loadYaml: Loading file: /home/eran/matlab/AstroPack/config/pipeline.yml
2021-04-14 14:03:42.791 > [INF] Adding property: system
2021-04-14 14:03:42.791 > [INF] loadYaml: Loading file: /home/eran/matlab/AstroPack/config/system.yml
2021-04-14 14:03:42.817 > [INF] Adding property: unittest
2021-04-14 14:03:42.818 > [INF] loadYaml: Loading file: /home/eran/matlab/AstroPack/config/unittest.yml
2021-04-14 14:03:42.895 > [INF] loadFolder: /home/eran/matlab/AstroPack/matlab/base/../../config/local
2021-04-14 14:04:38.111 > [INF] loadFolder: /home/eran/matlab/AstroPack/matlab/base/../../config
2021-04-14 14:04:38.113 > [INF] Adding property: A.b
2021-04-14 14:04:38.114 > [INF] loadYaml: Loading file: /home/eran/matlab/AstroPack/config/A.b.yml
2021-04-14 14:04:38.191 > [INF] Adding property: BitMask.Image.Default
2021-04-14 14:04:38.192 > [INF] loadYaml: Loading file: /home/eran/matlab/AstroPack/config/BitMask.Image.Default.yml
2021-04-14 14:04:38.199 > [ERR] loadYaml: Exception loading file: /home/eran/matlab/AstroPack/config/BitMask.Image.Default.yml
2021-04-14 14:04:38.200 > [ERR] loadFile: Exception: /home/eran/matlab/AstroPack/config/BitMask.Image.Default.yml
2021-04-14 14:04:38.201 > [INF] Adding property: Header.Comments.Default
2021-04-14 14:04:38.202 > [INF] loadYaml: Loading file: /home/eran/matlab/AstroPack/config/Header.Comments.Default.yml
2021-04-14 14:04:38.330 > [INF] Adding property: Header.KeyNames.Default
2021-04-14 14:04:38.330 > [INF] loadYaml: Loading file: /home/eran/matlab/AstroPack/config/Header.KeyNames.Default.yml
2021-04-14 14:04:38.455 > [INF] Adding property: Header.Synonyms.KeyNames
2021-04-14 14:04:38.456 > [INF] loadYaml: Loading file: /home/eran/matlab/AstroPack/config/Header.Synonyms.KeyNames.yml
2021-04-14 14:04:38.481 > [INF] Adding property: Header.Synonyms.KeyVal.IMTYPE
2021-04-14 14:04:38.481 > [INF] loadYaml: Loading file: /home/eran/matlab/AstroPack/config/Header.Synonyms.KeyVal.IMTYPE.yml
2021-04-14 14:04:38.487 > [ERR] loadYaml: Exception loading file: /home/eran/matlab/AstroPack/config/Header.Synonyms.KeyVal.IMTYPE.yml
2021-04-14 14:04:38.488 > [ERR] loadFile: Exception: /home/eran/matlab/AstroPack/config/Header.Synonyms.KeyVal.IMTYPE.yml
2021-04-14 14:04:38.489 > [INF] Adding property: Header.Time.KeyNames
2021-04-14 14:04:38.490 > [INF] loadYaml: Loading file: /home/eran/matlab/AstroPack/config/Header.Time.KeyNames.yml
2021-04-14 14:04:38.496 > [ERR] loadYaml: Exception loading file: /home/eran/matlab/AstroPack/config/Header.Time.KeyNames.yml
2021-04-14 14:04:38.497 > [ERR] loadFile: Exception: /home/eran/matlab/AstroPack/config/Header.Time.KeyNames.yml
2021-04-14 14:04:38.498 > [INF] Adding property: header
2021-04-14 14:04:38.499 > [INF] loadYaml: Loading file: /home/eran/matlab/AstroPack/config/header.yml
2021-04-14 14:04:38.504 > [ERR] loadYaml: Exception loading file: /home/eran/matlab/AstroPack/config/header.yml
2021-04-14 14:04:38.505 > [ERR] loadFile: Exception: /home/eran/matlab/AstroPack/config/header.yml
2021-04-14 14:04:38.506 > [INF] Adding property: pipeline
2021-04-14 14:04:38.507 > [INF] loadYaml: Loading file: /home/eran/matlab/AstroPack/config/pipeline.yml
2021-04-14 14:04:38.539 > [INF] Adding property: system
2021-04-14 14:04:38.540 > [INF] loadYaml: Loading file: /home/eran/matlab/AstroPack/config/system.yml
2021-04-14 14:04:38.560 > [INF] Adding property: unittest
2021-04-14 14:04:38.561 > [INF] loadYaml: Loading file: /home/eran/matlab/AstroPack/config/unittest.yml
2021-04-14 14:04:38.621 > [INF] loadFolder: /home/eran/matlab/AstroPack/matlab/base/../../config/local
2021-04-14 14:05:06.344 > [INF] loadFolder: /home/eran/matlab/AstroPack/matlab/base/../../config
2021-04-14 14:05:06.346 > [INF] Adding property: A.b
2021-04-14 14:05:06.347 > [INF] loadYaml: Loading file: /home/eran/matlab/AstroPack/config/A.b.yml
2021-04-14 14:05:06.416 > [INF] Adding property: BitMask.Image.Default
2021-04-14 14:05:06.417 > [INF] loadYaml: Loading file: /home/eran/matlab/AstroPack/config/BitMask.Image.Default.yml
2021-04-14 14:05:06.425 > [ERR] loadYaml: Exception loading file: /home/eran/matlab/AstroPack/config/BitMask.Image.Default.yml
2021-04-14 14:05:06.426 > [ERR] loadFile: Exception: /home/eran/matlab/AstroPack/config/BitMask.Image.Default.yml
2021-04-14 14:05:06.427 > [INF] Adding property: Header.Comments.Default
2021-04-14 14:05:06.428 > [INF] loadYaml: Loading file: /home/eran/matlab/AstroPack/config/Header.Comments.Default.yml
2021-04-14 14:05:06.556 > [INF] Adding property: Header.KeyNames.Default
2021-04-14 14:05:06.557 > [INF] loadYaml: Loading file: /home/eran/matlab/AstroPack/config/Header.KeyNames.Default.yml
2021-04-14 14:05:06.680 > [INF] Adding property: Header.Synonyms.KeyNames
2021-04-14 14:05:06.681 > [INF] loadYaml: Loading file: /home/eran/matlab/AstroPack/config/Header.Synonyms.KeyNames.yml
2021-04-14 14:05:06.708 > [INF] Adding property: Header.Synonyms.KeyVal.IMTYPE
2021-04-14 14:05:06.709 > [INF] loadYaml: Loading file: /home/eran/matlab/AstroPack/config/Header.Synonyms.KeyVal.IMTYPE.yml
2021-04-14 14:05:06.716 > [ERR] loadYaml: Exception loading file: /home/eran/matlab/AstroPack/config/Header.Synonyms.KeyVal.IMTYPE.yml
2021-04-14 14:05:06.717 > [ERR] loadFile: Exception: /home/eran/matlab/AstroPack/config/Header.Synonyms.KeyVal.IMTYPE.yml
2021-04-14 14:05:06.718 > [INF] Adding property: Header.Time.KeyNames
2021-04-14 14:05:06.719 > [INF] loadYaml: Loading file: /home/eran/matlab/AstroPack/config/Header.Time.KeyNames.yml
2021-04-14 14:05:06.725 > [ERR] loadYaml: Exception loading file: /home/eran/matlab/AstroPack/config/Header.Time.KeyNames.yml
2021-04-14 14:05:06.726 > [ERR] loadFile: Exception: /home/eran/matlab/AstroPack/config/Header.Time.KeyNames.yml
2021-04-14 14:05:06.727 > [INF] Adding property: header
2021-04-14 14:05:06.727 > [INF] loadYaml: Loading file: /home/eran/matlab/AstroPack/config/header.yml
2021-04-14 14:05:06.733 > [ERR] loadYaml: Exception loading file: /home/eran/matlab/AstroPack/config/header.yml
2021-04-14 14:05:06.734 > [ERR] loadFile: Exception: /home/eran/matlab/AstroPack/config/header.yml
2021-04-14 14:05:06.735 > [INF] Adding property: pipeline
2021-04-14 14:05:06.736 > [INF] loadYaml: Loading file: /home/eran/matlab/AstroPack/config/pipeline.yml
2021-04-14 14:05:06.770 > [INF] Adding property: system
2021-04-14 14:05:06.771 > [INF] loadYaml: Loading file: /home/eran/matlab/AstroPack/config/system.yml
2021-04-14 14:05:06.793 > [INF] Adding property: unittest
2021-04-14 14:05:06.794 > [INF] loadYaml: Loading file: /home/eran/matlab/AstroPack/config/unittest.yml
2021-04-14 14:05:06.856 > [INF] loadFolder: /home/eran/matlab/AstroPack/matlab/base/../../config/local
2021-04-14 14:05:36.907 > [INF] loadFolder: /home/eran/matlab/AstroPack/matlab/base/../../config
2021-04-14 14:05:36.909 > [INF] Adding property: A.b
2021-04-14 14:05:36.911 > [INF] loadYaml: Loading file: /home/eran/matlab/AstroPack/config/A.b.yml
2021-04-14 14:05:36.982 > [INF] Adding property: BitMask.Image.Default
2021-04-14 14:05:36.983 > [INF] loadYaml: Loading file: /home/eran/matlab/AstroPack/config/BitMask.Image.Default.yml
2021-04-14 14:05:36.991 > [ERR] loadYaml: Exception loading file: /home/eran/matlab/AstroPack/config/BitMask.Image.Default.yml
2021-04-14 14:05:36.992 > [ERR] loadFile: Exception: /home/eran/matlab/AstroPack/config/BitMask.Image.Default.yml
2021-04-14 14:05:36.993 > [INF] Adding property: Header.Comments.Default
2021-04-14 14:05:36.994 > [INF] loadYaml: Loading file: /home/eran/matlab/AstroPack/config/Header.Comments.Default.yml
2021-04-14 14:05:37.121 > [INF] Adding property: Header.KeyNames.Default
2021-04-14 14:05:37.122 > [INF] loadYaml: Loading file: /home/eran/matlab/AstroPack/config/Header.KeyNames.Default.yml
2021-04-14 14:05:37.244 > [INF] Adding property: Header.Synonyms.KeyNames
2021-04-14 14:05:37.245 > [INF] loadYaml: Loading file: /home/eran/matlab/AstroPack/config/Header.Synonyms.KeyNames.yml
2021-04-14 14:05:37.272 > [INF] Adding property: Header.Synonyms.KeyVal.IMTYPE
2021-04-14 14:05:37.273 > [INF] loadYaml: Loading file: /home/eran/matlab/AstroPack/config/Header.Synonyms.KeyVal.IMTYPE.yml
2021-04-14 14:05:37.280 > [ERR] loadYaml: Exception loading file: /home/eran/matlab/AstroPack/config/Header.Synonyms.KeyVal.IMTYPE.yml
2021-04-14 14:05:37.281 > [ERR] loadFile: Exception: /home/eran/matlab/AstroPack/config/Header.Synonyms.KeyVal.IMTYPE.yml
2021-04-14 14:05:37.282 > [INF] Adding property: Header.Time.KeyNames
2021-04-14 14:05:37.283 > [INF] loadYaml: Loading file: /home/eran/matlab/AstroPack/config/Header.Time.KeyNames.yml
2021-04-14 14:05:37.289 > [ERR] loadYaml: Exception loading file: /home/eran/matlab/AstroPack/config/Header.Time.KeyNames.yml
2021-04-14 14:05:37.290 > [ERR] loadFile: Exception: /home/eran/matlab/AstroPack/config/Header.Time.KeyNames.yml
2021-04-14 14:05:37.291 > [INF] Adding property: header
2021-04-14 14:05:37.292 > [INF] loadYaml: Loading file: /home/eran/matlab/AstroPack/config/header.yml
2021-04-14 14:05:37.298 > [ERR] loadYaml: Exception loading file: /home/eran/matlab/AstroPack/config/header.yml
2021-04-14 14:05:37.299 > [ERR] loadFile: Exception: /home/eran/matlab/AstroPack/config/header.yml
2021-04-14 14:05:37.300 > [INF] Adding property: pipeline
2021-04-14 14:05:37.301 > [INF] loadYaml: Loading file: /home/eran/matlab/AstroPack/config/pipeline.yml
2021-04-14 14:05:37.334 > [INF] Adding property: system
2021-04-14 14:05:37.335 > [INF] loadYaml: Loading file: /home/eran/matlab/AstroPack/config/system.yml
2021-04-14 14:05:37.355 > [INF] Adding property: unittest
2021-04-14 14:05:37.356 > [INF] loadYaml: Loading file: /home/eran/matlab/AstroPack/config/unittest.yml
2021-04-14 14:05:37.414 > [INF] loadFolder: /home/eran/matlab/AstroPack/matlab/base/../../config/local
2021-04-14 14:11:34.205 > [INF] loadFolder: /home/eran/matlab/AstroPack/matlab/base/../../config
2021-04-14 14:11:34.207 > [INF] Adding property: A.b
2021-04-14 14:11:34.208 > [INF] loadYaml: Loading file: /home/eran/matlab/AstroPack/config/A.b.yml
2021-04-14 14:11:34.290 > [INF] Adding property: BitMask.Image.Default
2021-04-14 14:11:34.291 > [INF] loadYaml: Loading file: /home/eran/matlab/AstroPack/config/BitMask.Image.Default.yml
2021-04-14 14:11:34.297 > [ERR] loadYaml: Exception loading file: /home/eran/matlab/AstroPack/config/BitMask.Image.Default.yml
2021-04-14 14:11:34.299 > [ERR] loadFile: Exception: /home/eran/matlab/AstroPack/config/BitMask.Image.Default.yml
2021-04-14 14:11:34.300 > [INF] Adding property: Header.Comments.Default
2021-04-14 14:11:34.301 > [INF] loadYaml: Loading file: /home/eran/matlab/AstroPack/config/Header.Comments.Default.yml
2021-04-14 14:11:34.469 > [INF] Adding property: Header.KeyNames.Default
2021-04-14 14:11:34.470 > [INF] loadYaml: Loading file: /home/eran/matlab/AstroPack/config/Header.KeyNames.Default.yml
2021-04-14 14:11:34.627 > [INF] Adding property: Header.Synonyms.KeyNames
2021-04-14 14:11:34.628 > [INF] loadYaml: Loading file: /home/eran/matlab/AstroPack/config/Header.Synonyms.KeyNames.yml
2021-04-14 14:11:34.664 > [INF] Adding property: Header.Synonyms.KeyVal.IMTYPE
2021-04-14 14:11:34.666 > [INF] loadYaml: Loading file: /home/eran/matlab/AstroPack/config/Header.Synonyms.KeyVal.IMTYPE.yml
2021-04-14 14:11:34.675 > [ERR] loadYaml: Exception loading file: /home/eran/matlab/AstroPack/config/Header.Synonyms.KeyVal.IMTYPE.yml
2021-04-14 14:11:34.677 > [ERR] loadFile: Exception: /home/eran/matlab/AstroPack/config/Header.Synonyms.KeyVal.IMTYPE.yml
2021-04-14 14:11:34.678 > [INF] Adding property: Header.Time.KeyNames
2021-04-14 14:11:34.679 > [INF] loadYaml: Loading file: /home/eran/matlab/AstroPack/config/Header.Time.KeyNames.yml
2021-04-14 14:11:34.686 > [ERR] loadYaml: Exception loading file: /home/eran/matlab/AstroPack/config/Header.Time.KeyNames.yml
2021-04-14 14:11:34.687 > [ERR] loadFile: Exception: /home/eran/matlab/AstroPack/config/Header.Time.KeyNames.yml
2021-04-14 14:11:34.689 > [INF] Adding property: header
2021-04-14 14:11:34.690 > [INF] loadYaml: Loading file: /home/eran/matlab/AstroPack/config/header.yml
2021-04-14 14:11:34.696 > [ERR] loadYaml: Exception loading file: /home/eran/matlab/AstroPack/config/header.yml
2021-04-14 14:11:34.697 > [ERR] loadFile: Exception: /home/eran/matlab/AstroPack/config/header.yml
2021-04-14 14:11:34.698 > [INF] Adding property: pipeline
2021-04-14 14:11:34.699 > [INF] loadYaml: Loading file: /home/eran/matlab/AstroPack/config/pipeline.yml
2021-04-14 14:11:34.741 > [INF] Adding property: system
2021-04-14 14:11:34.742 > [INF] loadYaml: Loading file: /home/eran/matlab/AstroPack/config/system.yml
2021-04-14 14:11:34.768 > [INF] Adding property: unittest
2021-04-14 14:11:34.769 > [INF] loadYaml: Loading file: /home/eran/matlab/AstroPack/config/unittest.yml
2021-04-14 14:11:34.847 > [INF] loadFolder: /home/eran/matlab/AstroPack/matlab/base/../../config/local
2021-04-14 14:11:34.918 > [INF] loadFolder: /home/eran/matlab/AstroPack/matlab/base/../../config
2021-04-14 14:11:34.920 > [INF] Adding property: A.b
2021-04-14 14:11:34.921 > [INF] loadYaml: Loading file: /home/eran/matlab/AstroPack/config/A.b.yml
2021-04-14 14:11:35.001 > [INF] Adding property: BitMask.Image.Default
2021-04-14 14:11:35.002 > [INF] loadYaml: Loading file: /home/eran/matlab/AstroPack/config/BitMask.Image.Default.yml
2021-04-14 14:11:35.009 > [ERR] loadYaml: Exception loading file: /home/eran/matlab/AstroPack/config/BitMask.Image.Default.yml
2021-04-14 14:11:35.010 > [ERR] loadFile: Exception: /home/eran/matlab/AstroPack/config/BitMask.Image.Default.yml
2021-04-14 14:11:35.011 > [INF] Adding property: Header.Comments.Default
2021-04-14 14:11:35.012 > [INF] loadYaml: Loading file: /home/eran/matlab/AstroPack/config/Header.Comments.Default.yml
2021-04-14 14:11:35.182 > [INF] Adding property: Header.KeyNames.Default
2021-04-14 14:11:35.183 > [INF] loadYaml: Loading file: /home/eran/matlab/AstroPack/config/Header.KeyNames.Default.yml
2021-04-14 14:11:35.355 > [INF] Adding property: Header.Synonyms.KeyNames
2021-04-14 14:11:35.356 > [INF] loadYaml: Loading file: /home/eran/matlab/AstroPack/config/Header.Synonyms.KeyNames.yml
2021-04-14 14:11:35.389 > [INF] Adding property: Header.Synonyms.KeyVal.IMTYPE
2021-04-14 14:11:35.390 > [INF] loadYaml: Loading file: /home/eran/matlab/AstroPack/config/Header.Synonyms.KeyVal.IMTYPE.yml
2021-04-14 14:11:35.396 > [ERR] loadYaml: Exception loading file: /home/eran/matlab/AstroPack/config/Header.Synonyms.KeyVal.IMTYPE.yml
2021-04-14 14:11:35.397 > [ERR] loadFile: Exception: /home/eran/matlab/AstroPack/config/Header.Synonyms.KeyVal.IMTYPE.yml
2021-04-14 14:11:35.398 > [INF] Adding property: Header.Time.KeyNames
2021-04-14 14:11:35.399 > [INF] loadYaml: Loading file: /home/eran/matlab/AstroPack/config/Header.Time.KeyNames.yml
2021-04-14 14:11:35.405 > [ERR] loadYaml: Exception loading file: /home/eran/matlab/AstroPack/config/Header.Time.KeyNames.yml
2021-04-14 14:11:35.406 > [ERR] loadFile: Exception: /home/eran/matlab/AstroPack/config/Header.Time.KeyNames.yml
2021-04-14 14:11:35.407 > [INF] Adding property: header
2021-04-14 14:11:35.408 > [INF] loadYaml: Loading file: /home/eran/matlab/AstroPack/config/header.yml
2021-04-14 14:11:35.414 > [ERR] loadYaml: Exception loading file: /home/eran/matlab/AstroPack/config/header.yml
2021-04-14 14:11:35.415 > [ERR] loadFile: Exception: /home/eran/matlab/AstroPack/config/header.yml
2021-04-14 14:11:35.416 > [INF] Adding property: pipeline
2021-04-14 14:11:35.417 > [INF] loadYaml: Loading file: /home/eran/matlab/AstroPack/config/pipeline.yml
2021-04-14 14:11:35.459 > [INF] Adding property: system
2021-04-14 14:11:35.460 > [INF] loadYaml: Loading file: /home/eran/matlab/AstroPack/config/system.yml
2021-04-14 14:11:35.485 > [INF] Adding property: unittest
2021-04-14 14:11:35.486 > [INF] loadYaml: Loading file: /home/eran/matlab/AstroPack/config/unittest.yml
2021-04-14 14:11:35.564 > [INF] loadFolder: /home/eran/matlab/AstroPack/matlab/base/../../config/local
2021-04-14 14:11:37.954 > [INF] loadFolder: /home/eran/matlab/AstroPack/matlab/base/../../config
2021-04-14 14:11:37.956 > [INF] Adding property: A.b
2021-04-14 14:11:37.957 > [INF] loadYaml: Loading file: /home/eran/matlab/AstroPack/config/A.b.yml
2021-04-14 14:11:38.032 > [INF] Adding property: BitMask.Image.Default
2021-04-14 14:11:38.033 > [INF] loadYaml: Loading file: /home/eran/matlab/AstroPack/config/BitMask.Image.Default.yml
2021-04-14 14:11:38.039 > [ERR] loadYaml: Exception loading file: /home/eran/matlab/AstroPack/config/BitMask.Image.Default.yml
2021-04-14 14:11:38.040 > [ERR] loadFile: Exception: /home/eran/matlab/AstroPack/config/BitMask.Image.Default.yml
2021-04-14 14:11:38.042 > [INF] Adding property: Header.Comments.Default
2021-04-14 14:11:38.043 > [INF] loadYaml: Loading file: /home/eran/matlab/AstroPack/config/Header.Comments.Default.yml
2021-04-14 14:11:38.201 > [INF] Adding property: Header.KeyNames.Default
2021-04-14 14:11:38.202 > [INF] loadYaml: Loading file: /home/eran/matlab/AstroPack/config/Header.KeyNames.Default.yml
2021-04-14 14:11:38.362 > [INF] Adding property: Header.Synonyms.KeyNames
2021-04-14 14:11:38.363 > [INF] loadYaml: Loading file: /home/eran/matlab/AstroPack/config/Header.Synonyms.KeyNames.yml
2021-04-14 14:11:38.393 > [INF] Adding property: Header.Synonyms.KeyVal.IMTYPE
2021-04-14 14:11:38.394 > [INF] loadYaml: Loading file: /home/eran/matlab/AstroPack/config/Header.Synonyms.KeyVal.IMTYPE.yml
2021-04-14 14:11:38.401 > [ERR] loadYaml: Exception loading file: /home/eran/matlab/AstroPack/config/Header.Synonyms.KeyVal.IMTYPE.yml
2021-04-14 14:11:38.402 > [ERR] loadFile: Exception: /home/eran/matlab/AstroPack/config/Header.Synonyms.KeyVal.IMTYPE.yml
2021-04-14 14:11:38.404 > [INF] Adding property: Header.Time.KeyNames
2021-04-14 14:11:38.405 > [INF] loadYaml: Loading file: /home/eran/matlab/AstroPack/config/Header.Time.KeyNames.yml
2021-04-14 14:11:38.411 > [ERR] loadYaml: Exception loading file: /home/eran/matlab/AstroPack/config/Header.Time.KeyNames.yml
2021-04-14 14:11:38.412 > [ERR] loadFile: Exception: /home/eran/matlab/AstroPack/config/Header.Time.KeyNames.yml
2021-04-14 14:11:38.413 > [INF] Adding property: header
2021-04-14 14:11:38.414 > [INF] loadYaml: Loading file: /home/eran/matlab/AstroPack/config/header.yml
2021-04-14 14:11:38.421 > [ERR] loadYaml: Exception loading file: /home/eran/matlab/AstroPack/config/header.yml
2021-04-14 14:11:38.422 > [ERR] loadFile: Exception: /home/eran/matlab/AstroPack/config/header.yml
2021-04-14 14:11:38.423 > [INF] Adding property: pipeline
2021-04-14 14:11:38.424 > [INF] loadYaml: Loading file: /home/eran/matlab/AstroPack/config/pipeline.yml
2021-04-14 14:11:38.462 > [INF] Adding property: system
2021-04-14 14:11:38.463 > [INF] loadYaml: Loading file: /home/eran/matlab/AstroPack/config/system.yml
2021-04-14 14:11:38.487 > [INF] Adding property: unittest
2021-04-14 14:11:38.488 > [INF] loadYaml: Loading file: /home/eran/matlab/AstroPack/config/unittest.yml
2021-04-14 14:11:38.559 > [INF] loadFolder: /home/eran/matlab/AstroPack/matlab/base/../../config/local
2021-04-14 14:12:26.036 > [INF] loadFolder: /home/eran/matlab/AstroPack/matlab/base/../../config
2021-04-14 14:12:26.038 > [INF] Adding property: A.b
2021-04-14 14:12:26.039 > [INF] loadYaml: Loading file: /home/eran/matlab/AstroPack/config/A.b.yml
2021-04-14 14:12:26.119 > [INF] Adding property: BitMask.Image.Default
2021-04-14 14:12:26.120 > [INF] loadYaml: Loading file: /home/eran/matlab/AstroPack/config/BitMask.Image.Default.yml
2021-04-14 14:12:26.127 > [ERR] loadYaml: Exception loading file: /home/eran/matlab/AstroPack/config/BitMask.Image.Default.yml
2021-04-14 14:12:26.128 > [ERR] loadFile: Exception: /home/eran/matlab/AstroPack/config/BitMask.Image.Default.yml
2021-04-14 14:12:26.129 > [INF] Adding property: Header.Comments.Default
2021-04-14 14:12:26.130 > [INF] loadYaml: Loading file: /home/eran/matlab/AstroPack/config/Header.Comments.Default.yml
2021-04-14 14:12:26.302 > [INF] Adding property: Header.KeyNames.Default
2021-04-14 14:12:26.303 > [INF] loadYaml: Loading file: /home/eran/matlab/AstroPack/config/Header.KeyNames.Default.yml
2021-04-14 14:12:26.471 > [INF] Adding property: Header.Synonyms.KeyNames
2021-04-14 14:12:26.472 > [INF] loadYaml: Loading file: /home/eran/matlab/AstroPack/config/Header.Synonyms.KeyNames.yml
2021-04-14 14:12:26.504 > [INF] Adding property: Header.Synonyms.KeyVal.IMTYPE
2021-04-14 14:12:26.505 > [INF] loadYaml: Loading file: /home/eran/matlab/AstroPack/config/Header.Synonyms.KeyVal.IMTYPE.yml
2021-04-14 14:12:26.512 > [ERR] loadYaml: Exception loading file: /home/eran/matlab/AstroPack/config/Header.Synonyms.KeyVal.IMTYPE.yml
2021-04-14 14:12:26.513 > [ERR] loadFile: Exception: /home/eran/matlab/AstroPack/config/Header.Synonyms.KeyVal.IMTYPE.yml
2021-04-14 14:12:26.514 > [INF] Adding property: Header.Time.KeyNames
2021-04-14 14:12:26.515 > [INF] loadYaml: Loading file: /home/eran/matlab/AstroPack/config/Header.Time.KeyNames.yml
2021-04-14 14:12:26.521 > [ERR] loadYaml: Exception loading file: /home/eran/matlab/AstroPack/config/Header.Time.KeyNames.yml
2021-04-14 14:12:26.523 > [ERR] loadFile: Exception: /home/eran/matlab/AstroPack/config/Header.Time.KeyNames.yml
2021-04-14 14:12:26.524 > [INF] Adding property: header
2021-04-14 14:12:26.525 > [INF] loadYaml: Loading file: /home/eran/matlab/AstroPack/config/header.yml
2021-04-14 14:12:26.531 > [ERR] loadYaml: Exception loading file: /home/eran/matlab/AstroPack/config/header.yml
2021-04-14 14:12:26.532 > [ERR] loadFile: Exception: /home/eran/matlab/AstroPack/config/header.yml
2021-04-14 14:12:26.533 > [INF] Adding property: pipeline
2021-04-14 14:12:26.534 > [INF] loadYaml: Loading file: /home/eran/matlab/AstroPack/config/pipeline.yml
2021-04-14 14:12:26.575 > [INF] Adding property: system
2021-04-14 14:12:26.576 > [INF] loadYaml: Loading file: /home/eran/matlab/AstroPack/config/system.yml
2021-04-14 14:12:26.602 > [INF] Adding property: unittest
2021-04-14 14:12:26.603 > [INF] loadYaml: Loading file: /home/eran/matlab/AstroPack/config/unittest.yml
2021-04-14 14:12:26.680 > [INF] loadFolder: /home/eran/matlab/AstroPack/matlab/base/../../config/local
2021-04-14 14:14:36.740 > [INF] loadFolder: /home/eran/matlab/AstroPack/matlab/base/../../config
2021-04-14 14:14:36.742 > [INF] Adding property: A.b
2021-04-14 14:14:36.744 > [INF] loadYaml: Loading file: /home/eran/matlab/AstroPack/config/A.b.yml
2021-04-14 14:14:36.815 > [INF] Adding property: BitMask.Image.Default
2021-04-14 14:14:36.815 > [INF] loadYaml: Loading file: /home/eran/matlab/AstroPack/config/BitMask.Image.Default.yml
2021-04-14 14:14:36.822 > [ERR] loadYaml: Exception loading file: /home/eran/matlab/AstroPack/config/BitMask.Image.Default.yml
2021-04-14 14:14:36.823 > [ERR] loadFile: Exception: /home/eran/matlab/AstroPack/config/BitMask.Image.Default.yml
2021-04-14 14:14:36.824 > [INF] Adding property: Header.Comments.Default
2021-04-14 14:14:36.825 > [INF] loadYaml: Loading file: /home/eran/matlab/AstroPack/config/Header.Comments.Default.yml
2021-04-14 14:14:36.950 > [INF] Adding property: Header.KeyNames.Default
2021-04-14 14:14:36.950 > [INF] loadYaml: Loading file: /home/eran/matlab/AstroPack/config/Header.KeyNames.Default.yml
2021-04-14 14:14:37.075 > [INF] Adding property: Header.Synonyms.KeyNames
2021-04-14 14:14:37.076 > [INF] loadYaml: Loading file: /home/eran/matlab/AstroPack/config/Header.Synonyms.KeyNames.yml
2021-04-14 14:14:37.101 > [INF] Adding property: Header.Synonyms.KeyVal.IMTYPE
2021-04-14 14:14:37.102 > [INF] loadYaml: Loading file: /home/eran/matlab/AstroPack/config/Header.Synonyms.KeyVal.IMTYPE.yml
2021-04-14 14:14:37.108 > [ERR] loadYaml: Exception loading file: /home/eran/matlab/AstroPack/config/Header.Synonyms.KeyVal.IMTYPE.yml
2021-04-14 14:14:37.109 > [ERR] loadFile: Exception: /home/eran/matlab/AstroPack/config/Header.Synonyms.KeyVal.IMTYPE.yml
2021-04-14 14:14:37.110 > [INF] Adding property: Header.Time.KeyNames
2021-04-14 14:14:37.111 > [INF] loadYaml: Loading file: /home/eran/matlab/AstroPack/config/Header.Time.KeyNames.yml
2021-04-14 14:14:37.117 > [ERR] loadYaml: Exception loading file: /home/eran/matlab/AstroPack/config/Header.Time.KeyNames.yml
2021-04-14 14:14:37.118 > [ERR] loadFile: Exception: /home/eran/matlab/AstroPack/config/Header.Time.KeyNames.yml
2021-04-14 14:14:37.119 > [INF] Adding property: header
2021-04-14 14:14:37.120 > [INF] loadYaml: Loading file: /home/eran/matlab/AstroPack/config/header.yml
2021-04-14 14:14:37.126 > [ERR] loadYaml: Exception loading file: /home/eran/matlab/AstroPack/config/header.yml
2021-04-14 14:14:37.127 > [ERR] loadFile: Exception: /home/eran/matlab/AstroPack/config/header.yml
2021-04-14 14:14:37.128 > [INF] Adding property: pipeline
2021-04-14 14:14:37.129 > [INF] loadYaml: Loading file: /home/eran/matlab/AstroPack/config/pipeline.yml
2021-04-14 14:14:37.161 > [INF] Adding property: system
2021-04-14 14:14:37.162 > [INF] loadYaml: Loading file: /home/eran/matlab/AstroPack/config/system.yml
2021-04-14 14:14:37.183 > [INF] Adding property: unittest
2021-04-14 14:14:37.184 > [INF] loadYaml: Loading file: /home/eran/matlab/AstroPack/config/unittest.yml
2021-04-14 14:14:37.243 > [INF] loadFolder: /home/eran/matlab/AstroPack/matlab/base/../../config/local
2021-04-14 14:14:37.311 > [INF] loadFolder: /home/eran/matlab/AstroPack/matlab/base/../../config
2021-04-14 14:14:37.313 > [INF] Adding property: A.b
2021-04-14 14:14:37.314 > [INF] loadYaml: Loading file: /home/eran/matlab/AstroPack/config/A.b.yml
2021-04-14 14:14:37.375 > [INF] Adding property: BitMask.Image.Default
2021-04-14 14:14:37.376 > [INF] loadYaml: Loading file: /home/eran/matlab/AstroPack/config/BitMask.Image.Default.yml
2021-04-14 14:14:37.382 > [ERR] loadYaml: Exception loading file: /home/eran/matlab/AstroPack/config/BitMask.Image.Default.yml
2021-04-14 14:14:37.383 > [ERR] loadFile: Exception: /home/eran/matlab/AstroPack/config/BitMask.Image.Default.yml
2021-04-14 14:14:37.384 > [INF] Adding property: Header.Comments.Default
2021-04-14 14:14:37.385 > [INF] loadYaml: Loading file: /home/eran/matlab/AstroPack/config/Header.Comments.Default.yml
2021-04-14 14:14:37.512 > [INF] Adding property: Header.KeyNames.Default
2021-04-14 14:14:37.513 > [INF] loadYaml: Loading file: /home/eran/matlab/AstroPack/config/Header.KeyNames.Default.yml
2021-04-14 14:14:37.638 > [INF] Adding property: Header.Synonyms.KeyNames
2021-04-14 14:14:37.638 > [INF] loadYaml: Loading file: /home/eran/matlab/AstroPack/config/Header.Synonyms.KeyNames.yml
2021-04-14 14:14:37.665 > [INF] Adding property: Header.Synonyms.KeyVal.IMTYPE
2021-04-14 14:14:37.666 > [INF] loadYaml: Loading file: /home/eran/matlab/AstroPack/config/Header.Synonyms.KeyVal.IMTYPE.yml
2021-04-14 14:14:37.672 > [ERR] loadYaml: Exception loading file: /home/eran/matlab/AstroPack/config/Header.Synonyms.KeyVal.IMTYPE.yml
2021-04-14 14:14:37.673 > [ERR] loadFile: Exception: /home/eran/matlab/AstroPack/config/Header.Synonyms.KeyVal.IMTYPE.yml
2021-04-14 14:14:37.675 > [INF] Adding property: Header.Time.KeyNames
2021-04-14 14:14:37.675 > [INF] loadYaml: Loading file: /home/eran/matlab/AstroPack/config/Header.Time.KeyNames.yml
2021-04-14 14:14:37.682 > [ERR] loadYaml: Exception loading file: /home/eran/matlab/AstroPack/config/Header.Time.KeyNames.yml
2021-04-14 14:14:37.683 > [ERR] loadFile: Exception: /home/eran/matlab/AstroPack/config/Header.Time.KeyNames.yml
2021-04-14 14:14:37.684 > [INF] Adding property: header
2021-04-14 14:14:37.685 > [INF] loadYaml: Loading file: /home/eran/matlab/AstroPack/config/header.yml
2021-04-14 14:14:37.691 > [ERR] loadYaml: Exception loading file: /home/eran/matlab/AstroPack/config/header.yml
2021-04-14 14:14:37.692 > [ERR] loadFile: Exception: /home/eran/matlab/AstroPack/config/header.yml
2021-04-14 14:14:37.693 > [INF] Adding property: pipeline
2021-04-14 14:14:37.694 > [INF] loadYaml: Loading file: /home/eran/matlab/AstroPack/config/pipeline.yml
2021-04-14 14:14:37.728 > [INF] Adding property: system
2021-04-14 14:14:37.728 > [INF] loadYaml: Loading file: /home/eran/matlab/AstroPack/config/system.yml
2021-04-14 14:14:37.750 > [INF] Adding property: unittest
2021-04-14 14:14:37.751 > [INF] loadYaml: Loading file: /home/eran/matlab/AstroPack/config/unittest.yml
2021-04-14 14:14:37.812 > [INF] loadFolder: /home/eran/matlab/AstroPack/matlab/base/../../config/local
2021-04-14 14:15:42.036 > [INF] loadFolder: /home/eran/matlab/AstroPack/matlab/base/../../config
2021-04-14 14:15:42.038 > [INF] Adding property: A.b
2021-04-14 14:15:42.039 > [INF] loadYaml: Loading file: /home/eran/matlab/AstroPack/config/A.b.yml
2021-04-14 14:15:42.116 > [INF] Adding property: BitMask.Image.Default
2021-04-14 14:15:42.117 > [INF] loadYaml: Loading file: /home/eran/matlab/AstroPack/config/BitMask.Image.Default.yml
2021-04-14 14:15:42.123 > [ERR] loadYaml: Exception loading file: /home/eran/matlab/AstroPack/config/BitMask.Image.Default.yml
2021-04-14 14:15:42.124 > [ERR] loadFile: Exception: /home/eran/matlab/AstroPack/config/BitMask.Image.Default.yml
2021-04-14 14:15:42.125 > [INF] Adding property: Header.Comments.Default
2021-04-14 14:15:42.126 > [INF] loadYaml: Loading file: /home/eran/matlab/AstroPack/config/Header.Comments.Default.yml
2021-04-14 14:15:42.288 > [INF] Adding property: Header.KeyNames.Default
2021-04-14 14:15:42.289 > [INF] loadYaml: Loading file: /home/eran/matlab/AstroPack/config/Header.KeyNames.Default.yml
2021-04-14 14:15:42.449 > [INF] Adding property: Header.Synonyms.KeyNames
2021-04-14 14:15:42.450 > [INF] loadYaml: Loading file: /home/eran/matlab/AstroPack/config/Header.Synonyms.KeyNames.yml
2021-04-14 14:15:42.482 > [INF] Adding property: Header.Synonyms.KeyVal.IMTYPE
2021-04-14 14:15:42.483 > [INF] loadYaml: Loading file: /home/eran/matlab/AstroPack/config/Header.Synonyms.KeyVal.IMTYPE.yml
2021-04-14 14:15:42.510 > [INF] Adding property: Header.Time.KeyNames
2021-04-14 14:15:42.511 > [INF] loadYaml: Loading file: /home/eran/matlab/AstroPack/config/Header.Time.KeyNames.yml
2021-04-14 14:15:42.518 > [ERR] loadYaml: Exception loading file: /home/eran/matlab/AstroPack/config/Header.Time.KeyNames.yml
2021-04-14 14:15:42.519 > [ERR] loadFile: Exception: /home/eran/matlab/AstroPack/config/Header.Time.KeyNames.yml
2021-04-14 14:15:42.520 > [INF] Adding property: header
2021-04-14 14:15:42.521 > [INF] loadYaml: Loading file: /home/eran/matlab/AstroPack/config/header.yml
2021-04-14 14:15:42.528 > [ERR] loadYaml: Exception loading file: /home/eran/matlab/AstroPack/config/header.yml
2021-04-14 14:15:42.529 > [ERR] loadFile: Exception: /home/eran/matlab/AstroPack/config/header.yml
2021-04-14 14:15:42.530 > [INF] Adding property: pipeline
2021-04-14 14:15:42.531 > [INF] loadYaml: Loading file: /home/eran/matlab/AstroPack/config/pipeline.yml
2021-04-14 14:15:42.572 > [INF] Adding property: system
2021-04-14 14:15:42.573 > [INF] loadYaml: Loading file: /home/eran/matlab/AstroPack/config/system.yml
2021-04-14 14:15:42.598 > [INF] Adding property: unittest
2021-04-14 14:15:42.599 > [INF] loadYaml: Loading file: /home/eran/matlab/AstroPack/config/unittest.yml
2021-04-14 14:15:42.674 > [INF] loadFolder: /home/eran/matlab/AstroPack/matlab/base/../../config/local
2021-04-14 14:15:42.749 > [INF] loadFolder: /home/eran/matlab/AstroPack/matlab/base/../../config
2021-04-14 14:15:42.751 > [INF] Adding property: A.b
2021-04-14 14:15:42.752 > [INF] loadYaml: Loading file: /home/eran/matlab/AstroPack/config/A.b.yml
2021-04-14 14:15:42.828 > [INF] Adding property: BitMask.Image.Default
2021-04-14 14:15:42.829 > [INF] loadYaml: Loading file: /home/eran/matlab/AstroPack/config/BitMask.Image.Default.yml
2021-04-14 14:15:42.836 > [ERR] loadYaml: Exception loading file: /home/eran/matlab/AstroPack/config/BitMask.Image.Default.yml
2021-04-14 14:15:42.837 > [ERR] loadFile: Exception: /home/eran/matlab/AstroPack/config/BitMask.Image.Default.yml
2021-04-14 14:15:42.838 > [INF] Adding property: Header.Comments.Default
2021-04-14 14:15:42.839 > [INF] loadYaml: Loading file: /home/eran/matlab/AstroPack/config/Header.Comments.Default.yml
2021-04-14 14:15:43.004 > [INF] Adding property: Header.KeyNames.Default
2021-04-14 14:15:43.005 > [INF] loadYaml: Loading file: /home/eran/matlab/AstroPack/config/Header.KeyNames.Default.yml
2021-04-14 14:15:43.166 > [INF] Adding property: Header.Synonyms.KeyNames
2021-04-14 14:15:43.167 > [INF] loadYaml: Loading file: /home/eran/matlab/AstroPack/config/Header.Synonyms.KeyNames.yml
2021-04-14 14:15:43.199 > [INF] Adding property: Header.Synonyms.KeyVal.IMTYPE
2021-04-14 14:15:43.199 > [INF] loadYaml: Loading file: /home/eran/matlab/AstroPack/config/Header.Synonyms.KeyVal.IMTYPE.yml
2021-04-14 14:15:43.226 > [INF] Adding property: Header.Time.KeyNames
2021-04-14 14:15:43.226 > [INF] loadYaml: Loading file: /home/eran/matlab/AstroPack/config/Header.Time.KeyNames.yml
2021-04-14 14:15:43.233 > [ERR] loadYaml: Exception loading file: /home/eran/matlab/AstroPack/config/Header.Time.KeyNames.yml
2021-04-14 14:15:43.234 > [ERR] loadFile: Exception: /home/eran/matlab/AstroPack/config/Header.Time.KeyNames.yml
2021-04-14 14:15:43.236 > [INF] Adding property: header
2021-04-14 14:15:43.236 > [INF] loadYaml: Loading file: /home/eran/matlab/AstroPack/config/header.yml
2021-04-14 14:15:43.243 > [ERR] loadYaml: Exception loading file: /home/eran/matlab/AstroPack/config/header.yml
2021-04-14 14:15:43.244 > [ERR] loadFile: Exception: /home/eran/matlab/AstroPack/config/header.yml
2021-04-14 14:15:43.245 > [INF] Adding property: pipeline
2021-04-14 14:15:43.246 > [INF] loadYaml: Loading file: /home/eran/matlab/AstroPack/config/pipeline.yml
2021-04-14 14:15:43.288 > [INF] Adding property: system
2021-04-14 14:15:43.289 > [INF] loadYaml: Loading file: /home/eran/matlab/AstroPack/config/system.yml
2021-04-14 14:15:43.314 > [INF] Adding property: unittest
2021-04-14 14:15:43.315 > [INF] loadYaml: Loading file: /home/eran/matlab/AstroPack/config/unittest.yml
2021-04-14 14:15:43.392 > [INF] loadFolder: /home/eran/matlab/AstroPack/matlab/base/../../config/local
2021-04-14 14:15:43.462 > [INF] loadFolder: /home/eran/matlab/AstroPack/matlab/base/../../config
2021-04-14 14:15:43.464 > [INF] Adding property: A.b
2021-04-14 14:15:43.465 > [INF] loadYaml: Loading file: /home/eran/matlab/AstroPack/config/A.b.yml
2021-04-14 14:15:43.543 > [INF] Adding property: BitMask.Image.Default
2021-04-14 14:15:43.544 > [INF] loadYaml: Loading file: /home/eran/matlab/AstroPack/config/BitMask.Image.Default.yml
2021-04-14 14:15:43.551 > [ERR] loadYaml: Exception loading file: /home/eran/matlab/AstroPack/config/BitMask.Image.Default.yml
2021-04-14 14:15:43.552 > [ERR] loadFile: Exception: /home/eran/matlab/AstroPack/config/BitMask.Image.Default.yml
2021-04-14 14:15:43.553 > [INF] Adding property: Header.Comments.Default
2021-04-14 14:15:43.554 > [INF] loadYaml: Loading file: /home/eran/matlab/AstroPack/config/Header.Comments.Default.yml
2021-04-14 14:15:43.724 > [INF] Adding property: Header.KeyNames.Default
2021-04-14 14:15:43.724 > [INF] loadYaml: Loading file: /home/eran/matlab/AstroPack/config/Header.KeyNames.Default.yml
2021-04-14 14:15:43.870 > [INF] Adding property: Header.Synonyms.KeyNames
2021-04-14 14:15:43.872 > [INF] loadYaml: Loading file: /home/eran/matlab/AstroPack/config/Header.Synonyms.KeyNames.yml
2021-04-14 14:15:43.899 > [INF] Adding property: Header.Synonyms.KeyVal.IMTYPE
2021-04-14 14:15:43.900 > [INF] loadYaml: Loading file: /home/eran/matlab/AstroPack/config/Header.Synonyms.KeyVal.IMTYPE.yml
2021-04-14 14:15:43.922 > [INF] Adding property: Header.Time.KeyNames
2021-04-14 14:15:43.923 > [INF] loadYaml: Loading file: /home/eran/matlab/AstroPack/config/Header.Time.KeyNames.yml
2021-04-14 14:15:43.929 > [ERR] loadYaml: Exception loading file: /home/eran/matlab/AstroPack/config/Header.Time.KeyNames.yml
2021-04-14 14:15:43.930 > [ERR] loadFile: Exception: /home/eran/matlab/AstroPack/config/Header.Time.KeyNames.yml
2021-04-14 14:15:43.931 > [INF] Adding property: header
2021-04-14 14:15:43.932 > [INF] loadYaml: Loading file: /home/eran/matlab/AstroPack/config/header.yml
2021-04-14 14:15:43.937 > [ERR] loadYaml: Exception loading file: /home/eran/matlab/AstroPack/config/header.yml
2021-04-14 14:15:43.938 > [ERR] loadFile: Exception: /home/eran/matlab/AstroPack/config/header.yml
2021-04-14 14:15:43.939 > [INF] Adding property: pipeline
2021-04-14 14:15:43.940 > [INF] loadYaml: Loading file: /home/eran/matlab/AstroPack/config/pipeline.yml
2021-04-14 14:15:43.975 > [INF] Adding property: system
2021-04-14 14:15:43.976 > [INF] loadYaml: Loading file: /home/eran/matlab/AstroPack/config/system.yml
2021-04-14 14:15:43.997 > [INF] Adding property: unittest
2021-04-14 14:15:43.998 > [INF] loadYaml: Loading file: /home/eran/matlab/AstroPack/config/unittest.yml
2021-04-14 14:15:44.061 > [INF] loadFolder: /home/eran/matlab/AstroPack/matlab/base/../../config/local
2021-04-14 14:16:33.516 > [INF] loadFolder: /home/eran/matlab/AstroPack/matlab/base/../../config
2021-04-14 14:16:33.518 > [INF] Adding property: A.b
2021-04-14 14:16:33.519 > [INF] loadYaml: Loading file: /home/eran/matlab/AstroPack/config/A.b.yml
2021-04-14 14:16:33.598 > [INF] Adding property: BitMask.Image.Default
2021-04-14 14:16:33.599 > [INF] loadYaml: Loading file: /home/eran/matlab/AstroPack/config/BitMask.Image.Default.yml
2021-04-14 14:16:33.606 > [ERR] loadYaml: Exception loading file: /home/eran/matlab/AstroPack/config/BitMask.Image.Default.yml
2021-04-14 14:16:33.607 > [ERR] loadFile: Exception: /home/eran/matlab/AstroPack/config/BitMask.Image.Default.yml
2021-04-14 14:16:33.608 > [INF] Adding property: Header.Comments.Default
2021-04-14 14:16:33.609 > [INF] loadYaml: Loading file: /home/eran/matlab/AstroPack/config/Header.Comments.Default.yml
2021-04-14 14:16:33.780 > [INF] Adding property: Header.KeyNames.Default
2021-04-14 14:16:33.781 > [INF] loadYaml: Loading file: /home/eran/matlab/AstroPack/config/Header.KeyNames.Default.yml
2021-04-14 14:16:33.948 > [INF] Adding property: Header.Synonyms.KeyNames
2021-04-14 14:16:33.949 > [INF] loadYaml: Loading file: /home/eran/matlab/AstroPack/config/Header.Synonyms.KeyNames.yml
2021-04-14 14:16:33.981 > [INF] Adding property: Header.Synonyms.KeyVal.IMTYPE
2021-04-14 14:16:33.982 > [INF] loadYaml: Loading file: /home/eran/matlab/AstroPack/config/Header.Synonyms.KeyVal.IMTYPE.yml
2021-04-14 14:16:34.009 > [INF] Adding property: Header.Time.KeyNames
2021-04-14 14:16:34.010 > [INF] loadYaml: Loading file: /home/eran/matlab/AstroPack/config/Header.Time.KeyNames.yml
2021-04-14 14:16:34.021 > [INF] Adding property: header
2021-04-14 14:16:34.022 > [INF] loadYaml: Loading file: /home/eran/matlab/AstroPack/config/header.yml
2021-04-14 14:16:34.030 > [ERR] loadYaml: Exception loading file: /home/eran/matlab/AstroPack/config/header.yml
2021-04-14 14:16:34.031 > [ERR] loadFile: Exception: /home/eran/matlab/AstroPack/config/header.yml
2021-04-14 14:16:34.032 > [INF] Adding property: pipeline
2021-04-14 14:16:34.033 > [INF] loadYaml: Loading file: /home/eran/matlab/AstroPack/config/pipeline.yml
2021-04-14 14:16:34.074 > [INF] Adding property: system
2021-04-14 14:16:34.075 > [INF] loadYaml: Loading file: /home/eran/matlab/AstroPack/config/system.yml
2021-04-14 14:16:34.101 > [INF] Adding property: unittest
2021-04-14 14:16:34.102 > [INF] loadYaml: Loading file: /home/eran/matlab/AstroPack/config/unittest.yml
2021-04-14 14:16:34.178 > [INF] loadFolder: /home/eran/matlab/AstroPack/matlab/base/../../config/local
2021-04-14 14:17:29.507 > =========================================== Started
2021-04-14 14:17:29.715 > [INF] loadFolder: /home/eran/matlab/AstroPack/matlab/base/../../config
2021-04-14 14:17:29.733 > [INF] Adding property: A.b
2021-04-14 14:17:29.738 > [INF] loadYaml: Loading file: /home/eran/matlab/AstroPack/config/A.b.yml
2021-04-14 14:17:30.021 > [INF] Adding property: BitMask.Image.Default
2021-04-14 14:17:30.035 > [INF] loadYaml: Loading file: /home/eran/matlab/AstroPack/config/BitMask.Image.Default.yml
2021-04-14 14:17:30.058 > [ERR] loadYaml: Exception loading file: /home/eran/matlab/AstroPack/config/BitMask.Image.Default.yml
2021-04-14 14:17:30.059 > [ERR] loadFile: Exception: /home/eran/matlab/AstroPack/config/BitMask.Image.Default.yml
2021-04-14 14:17:30.061 > [INF] Adding property: Header.Comments.Default
2021-04-14 14:17:30.063 > [INF] loadYaml: Loading file: /home/eran/matlab/AstroPack/config/Header.Comments.Default.yml
2021-04-14 14:17:30.242 > [INF] Adding property: Header.KeyNames.Default
2021-04-14 14:17:30.243 > [INF] loadYaml: Loading file: /home/eran/matlab/AstroPack/config/Header.KeyNames.Default.yml
2021-04-14 14:17:30.430 > [INF] Adding property: Header.Synonyms.KeyNames
2021-04-14 14:17:30.432 > [INF] loadYaml: Loading file: /home/eran/matlab/AstroPack/config/Header.Synonyms.KeyNames.yml
2021-04-14 14:17:30.484 > [INF] Adding property: Header.Synonyms.KeyVal.IMTYPE
2021-04-14 14:17:30.485 > [INF] loadYaml: Loading file: /home/eran/matlab/AstroPack/config/Header.Synonyms.KeyVal.IMTYPE.yml
2021-04-14 14:17:30.508 > [INF] Adding property: Header.Time.KeyNames
2021-04-14 14:17:30.509 > [INF] loadYaml: Loading file: /home/eran/matlab/AstroPack/config/Header.Time.KeyNames.yml
2021-04-14 14:17:30.517 > [ERR] loadYaml: Exception loading file: /home/eran/matlab/AstroPack/config/Header.Time.KeyNames.yml
2021-04-14 14:17:30.519 > [ERR] loadFile: Exception: /home/eran/matlab/AstroPack/config/Header.Time.KeyNames.yml
2021-04-14 14:17:30.520 > [INF] Adding property: header
2021-04-14 14:17:30.521 > [INF] loadYaml: Loading file: /home/eran/matlab/AstroPack/config/header.yml
2021-04-14 14:17:30.527 > [ERR] loadYaml: Exception loading file: /home/eran/matlab/AstroPack/config/header.yml
2021-04-14 14:17:30.528 > [ERR] loadFile: Exception: /home/eran/matlab/AstroPack/config/header.yml
2021-04-14 14:17:30.529 > [INF] Adding property: pipeline
2021-04-14 14:17:30.530 > [INF] loadYaml: Loading file: /home/eran/matlab/AstroPack/config/pipeline.yml
2021-04-14 14:17:30.568 > [INF] Adding property: system
2021-04-14 14:17:30.569 > [INF] loadYaml: Loading file: /home/eran/matlab/AstroPack/config/system.yml
2021-04-14 14:17:30.590 > [INF] Adding property: unittest
2021-04-14 14:17:30.591 > [INF] loadYaml: Loading file: /home/eran/matlab/AstroPack/config/unittest.yml
2021-04-14 14:17:30.666 > [INF] loadFolder: /home/eran/matlab/AstroPack/matlab/base/../../config/local
2021-04-14 14:17:30.746 > [INF] loadFolder: /home/eran/matlab/AstroPack/matlab/base/../../config
2021-04-14 14:17:30.749 > [INF] Adding property: A.b
2021-04-14 14:17:30.749 > [INF] loadYaml: Loading file: /home/eran/matlab/AstroPack/config/A.b.yml
2021-04-14 14:17:30.809 > [INF] Adding property: BitMask.Image.Default
2021-04-14 14:17:30.810 > [INF] loadYaml: Loading file: /home/eran/matlab/AstroPack/config/BitMask.Image.Default.yml
2021-04-14 14:17:30.817 > [ERR] loadYaml: Exception loading file: /home/eran/matlab/AstroPack/config/BitMask.Image.Default.yml
2021-04-14 14:17:30.818 > [ERR] loadFile: Exception: /home/eran/matlab/AstroPack/config/BitMask.Image.Default.yml
2021-04-14 14:17:30.819 > [INF] Adding property: Header.Comments.Default
2021-04-14 14:17:30.820 > [INF] loadYaml: Loading file: /home/eran/matlab/AstroPack/config/Header.Comments.Default.yml
2021-04-14 14:17:30.945 > [INF] Adding property: Header.KeyNames.Default
2021-04-14 14:17:30.946 > [INF] loadYaml: Loading file: /home/eran/matlab/AstroPack/config/Header.KeyNames.Default.yml
2021-04-14 14:17:31.070 > [INF] Adding property: Header.Synonyms.KeyNames
2021-04-14 14:17:31.071 > [INF] loadYaml: Loading file: /home/eran/matlab/AstroPack/config/Header.Synonyms.KeyNames.yml
2021-04-14 14:17:31.096 > [INF] Adding property: Header.Synonyms.KeyVal.IMTYPE
2021-04-14 14:17:31.097 > [INF] loadYaml: Loading file: /home/eran/matlab/AstroPack/config/Header.Synonyms.KeyVal.IMTYPE.yml
2021-04-14 14:17:31.118 > [INF] Adding property: Header.Time.KeyNames
2021-04-14 14:17:31.119 > [INF] loadYaml: Loading file: /home/eran/matlab/AstroPack/config/Header.Time.KeyNames.yml
2021-04-14 14:17:31.128 > [ERR] loadYaml: Exception loading file: /home/eran/matlab/AstroPack/config/Header.Time.KeyNames.yml
2021-04-14 14:17:31.129 > [ERR] loadFile: Exception: /home/eran/matlab/AstroPack/config/Header.Time.KeyNames.yml
2021-04-14 14:17:31.130 > [INF] Adding property: header
2021-04-14 14:17:31.131 > [INF] loadYaml: Loading file: /home/eran/matlab/AstroPack/config/header.yml
2021-04-14 14:17:31.137 > [ERR] loadYaml: Exception loading file: /home/eran/matlab/AstroPack/config/header.yml
2021-04-14 14:17:31.138 > [ERR] loadFile: Exception: /home/eran/matlab/AstroPack/config/header.yml
2021-04-14 14:17:31.139 > [INF] Adding property: pipeline
2021-04-14 14:17:31.139 > [INF] loadYaml: Loading file: /home/eran/matlab/AstroPack/config/pipeline.yml
2021-04-14 14:17:31.171 > [INF] Adding property: system
2021-04-14 14:17:31.172 > [INF] loadYaml: Loading file: /home/eran/matlab/AstroPack/config/system.yml
2021-04-14 14:17:31.193 > [INF] Adding property: unittest
2021-04-14 14:17:31.194 > [INF] loadYaml: Loading file: /home/eran/matlab/AstroPack/config/unittest.yml
2021-04-14 14:17:31.253 > [INF] loadFolder: /home/eran/matlab/AstroPack/matlab/base/../../config/local
2021-04-14 14:17:31.328 > [INF] loadFolder: /home/eran/matlab/AstroPack/matlab/base/../../config
2021-04-14 14:17:31.331 > [INF] Adding property: A.b
2021-04-14 14:17:31.332 > [INF] loadYaml: Loading file: /home/eran/matlab/AstroPack/config/A.b.yml
2021-04-14 14:17:31.392 > [INF] Adding property: BitMask.Image.Default
2021-04-14 14:17:31.393 > [INF] loadYaml: Loading file: /home/eran/matlab/AstroPack/config/BitMask.Image.Default.yml
2021-04-14 14:17:31.399 > [ERR] loadYaml: Exception loading file: /home/eran/matlab/AstroPack/config/BitMask.Image.Default.yml
2021-04-14 14:17:31.400 > [ERR] loadFile: Exception: /home/eran/matlab/AstroPack/config/BitMask.Image.Default.yml
2021-04-14 14:17:31.401 > [INF] Adding property: Header.Comments.Default
2021-04-14 14:17:31.402 > [INF] loadYaml: Loading file: /home/eran/matlab/AstroPack/config/Header.Comments.Default.yml
2021-04-14 14:17:31.527 > [INF] Adding property: Header.KeyNames.Default
2021-04-14 14:17:31.528 > [INF] loadYaml: Loading file: /home/eran/matlab/AstroPack/config/Header.KeyNames.Default.yml
2021-04-14 14:17:31.654 > [INF] Adding property: Header.Synonyms.KeyNames
2021-04-14 14:17:31.654 > [INF] loadYaml: Loading file: /home/eran/matlab/AstroPack/config/Header.Synonyms.KeyNames.yml
2021-04-14 14:17:31.680 > [INF] Adding property: Header.Synonyms.KeyVal.IMTYPE
2021-04-14 14:17:31.681 > [INF] loadYaml: Loading file: /home/eran/matlab/AstroPack/config/Header.Synonyms.KeyVal.IMTYPE.yml
2021-04-14 14:17:31.703 > [INF] Adding property: Header.Time.KeyNames
2021-04-14 14:17:31.703 > [INF] loadYaml: Loading file: /home/eran/matlab/AstroPack/config/Header.Time.KeyNames.yml
2021-04-14 14:17:31.710 > [ERR] loadYaml: Exception loading file: /home/eran/matlab/AstroPack/config/Header.Time.KeyNames.yml
2021-04-14 14:17:31.711 > [ERR] loadFile: Exception: /home/eran/matlab/AstroPack/config/Header.Time.KeyNames.yml
2021-04-14 14:17:31.712 > [INF] Adding property: header
2021-04-14 14:17:31.712 > [INF] loadYaml: Loading file: /home/eran/matlab/AstroPack/config/header.yml
2021-04-14 14:17:31.718 > [ERR] loadYaml: Exception loading file: /home/eran/matlab/AstroPack/config/header.yml
2021-04-14 14:17:31.719 > [ERR] loadFile: Exception: /home/eran/matlab/AstroPack/config/header.yml
2021-04-14 14:17:31.720 > [INF] Adding property: pipeline
2021-04-14 14:17:31.721 > [INF] loadYaml: Loading file: /home/eran/matlab/AstroPack/config/pipeline.yml
2021-04-14 14:17:31.753 > [INF] Adding property: system
2021-04-14 14:17:31.754 > [INF] loadYaml: Loading file: /home/eran/matlab/AstroPack/config/system.yml
2021-04-14 14:17:31.774 > [INF] Adding property: unittest
2021-04-14 14:17:31.775 > [INF] loadYaml: Loading file: /home/eran/matlab/AstroPack/config/unittest.yml
2021-04-14 14:17:31.834 > [INF] loadFolder: /home/eran/matlab/AstroPack/matlab/base/../../config/local
2021-04-14 14:17:31.919 > [INF] loadFolder: /home/eran/matlab/AstroPack/matlab/base/../../config
2021-04-14 14:17:31.921 > [INF] Adding property: A.b
2021-04-14 14:17:31.922 > [INF] loadYaml: Loading file: /home/eran/matlab/AstroPack/config/A.b.yml
2021-04-14 14:17:31.982 > [INF] Adding property: BitMask.Image.Default
2021-04-14 14:17:31.983 > [INF] loadYaml: Loading file: /home/eran/matlab/AstroPack/config/BitMask.Image.Default.yml
2021-04-14 14:17:31.989 > [ERR] loadYaml: Exception loading file: /home/eran/matlab/AstroPack/config/BitMask.Image.Default.yml
2021-04-14 14:17:31.990 > [ERR] loadFile: Exception: /home/eran/matlab/AstroPack/config/BitMask.Image.Default.yml
2021-04-14 14:17:31.991 > [INF] Adding property: Header.Comments.Default
2021-04-14 14:17:31.992 > [INF] loadYaml: Loading file: /home/eran/matlab/AstroPack/config/Header.Comments.Default.yml
2021-04-14 14:17:32.119 > [INF] Adding property: Header.KeyNames.Default
2021-04-14 14:17:32.120 > [INF] loadYaml: Loading file: /home/eran/matlab/AstroPack/config/Header.KeyNames.Default.yml
2021-04-14 14:17:32.246 > [INF] Adding property: Header.Synonyms.KeyNames
2021-04-14 14:17:32.247 > [INF] loadYaml: Loading file: /home/eran/matlab/AstroPack/config/Header.Synonyms.KeyNames.yml
2021-04-14 14:17:32.272 > [INF] Adding property: Header.Synonyms.KeyVal.IMTYPE
2021-04-14 14:17:32.273 > [INF] loadYaml: Loading file: /home/eran/matlab/AstroPack/config/Header.Synonyms.KeyVal.IMTYPE.yml
2021-04-14 14:17:32.294 > [INF] Adding property: Header.Time.KeyNames
2021-04-14 14:17:32.295 > [INF] loadYaml: Loading file: /home/eran/matlab/AstroPack/config/Header.Time.KeyNames.yml
2021-04-14 14:17:32.301 > [ERR] loadYaml: Exception loading file: /home/eran/matlab/AstroPack/config/Header.Time.KeyNames.yml
2021-04-14 14:17:32.302 > [ERR] loadFile: Exception: /home/eran/matlab/AstroPack/config/Header.Time.KeyNames.yml
2021-04-14 14:17:32.303 > [INF] Adding property: header
2021-04-14 14:17:32.304 > [INF] loadYaml: Loading file: /home/eran/matlab/AstroPack/config/header.yml
2021-04-14 14:17:32.310 > [ERR] loadYaml: Exception loading file: /home/eran/matlab/AstroPack/config/header.yml
2021-04-14 14:17:32.311 > [ERR] loadFile: Exception: /home/eran/matlab/AstroPack/config/header.yml
2021-04-14 14:17:32.312 > [INF] Adding property: pipeline
2021-04-14 14:17:32.313 > [INF] loadYaml: Loading file: /home/eran/matlab/AstroPack/config/pipeline.yml
2021-04-14 14:17:32.345 > [INF] Adding property: system
2021-04-14 14:17:32.346 > [INF] loadYaml: Loading file: /home/eran/matlab/AstroPack/config/system.yml
2021-04-14 14:17:32.368 > [INF] Adding property: unittest
2021-04-14 14:17:32.369 > [INF] loadYaml: Loading file: /home/eran/matlab/AstroPack/config/unittest.yml
2021-04-14 14:17:32.433 > [INF] loadFolder: /home/eran/matlab/AstroPack/matlab/base/../../config/local
2021-04-14 14:18:26.112 > [INF] loadFolder: /home/eran/matlab/AstroPack/matlab/base/../../config
2021-04-14 14:18:26.114 > [INF] Adding property: A.b
2021-04-14 14:18:26.115 > [INF] loadYaml: Loading file: /home/eran/matlab/AstroPack/config/A.b.yml
2021-04-14 14:18:26.182 > [INF] Adding property: BitMask.Image.Default
2021-04-14 14:18:26.183 > [INF] loadYaml: Loading file: /home/eran/matlab/AstroPack/config/BitMask.Image.Default.yml
2021-04-14 14:18:26.189 > [ERR] loadYaml: Exception loading file: /home/eran/matlab/AstroPack/config/BitMask.Image.Default.yml
2021-04-14 14:18:26.191 > [ERR] loadFile: Exception: /home/eran/matlab/AstroPack/config/BitMask.Image.Default.yml
2021-04-14 14:18:26.192 > [INF] Adding property: Header.Comments.Default
2021-04-14 14:18:26.192 > [INF] loadYaml: Loading file: /home/eran/matlab/AstroPack/config/Header.Comments.Default.yml
2021-04-14 14:18:26.323 > [INF] Adding property: Header.KeyNames.Default
2021-04-14 14:18:26.324 > [INF] loadYaml: Loading file: /home/eran/matlab/AstroPack/config/Header.KeyNames.Default.yml
2021-04-14 14:18:26.451 > [INF] Adding property: Header.Synonyms.KeyNames
2021-04-14 14:18:26.452 > [INF] loadYaml: Loading file: /home/eran/matlab/AstroPack/config/Header.Synonyms.KeyNames.yml
2021-04-14 14:18:26.477 > [INF] Adding property: Header.Synonyms.KeyVal.IMTYPE
2021-04-14 14:18:26.477 > [INF] loadYaml: Loading file: /home/eran/matlab/AstroPack/config/Header.Synonyms.KeyVal.IMTYPE.yml
2021-04-14 14:18:26.499 > [INF] Adding property: Header.Time.KeyNames
2021-04-14 14:18:26.500 > [INF] loadYaml: Loading file: /home/eran/matlab/AstroPack/config/Header.Time.KeyNames.yml
2021-04-14 14:18:26.511 > [INF] Adding property: header
2021-04-14 14:18:26.511 > [INF] loadYaml: Loading file: /home/eran/matlab/AstroPack/config/header.yml
2021-04-14 14:18:26.518 > [ERR] loadYaml: Exception loading file: /home/eran/matlab/AstroPack/config/header.yml
2021-04-14 14:18:26.519 > [ERR] loadFile: Exception: /home/eran/matlab/AstroPack/config/header.yml
2021-04-14 14:18:26.520 > [INF] Adding property: pipeline
2021-04-14 14:18:26.521 > [INF] loadYaml: Loading file: /home/eran/matlab/AstroPack/config/pipeline.yml
2021-04-14 14:18:26.554 > [INF] Adding property: system
2021-04-14 14:18:26.555 > [INF] loadYaml: Loading file: /home/eran/matlab/AstroPack/config/system.yml
2021-04-14 14:18:26.577 > [INF] Adding property: unittest
2021-04-14 14:18:26.578 > [INF] loadYaml: Loading file: /home/eran/matlab/AstroPack/config/unittest.yml
2021-04-14 14:18:26.638 > [INF] loadFolder: /home/eran/matlab/AstroPack/matlab/base/../../config/local
2021-04-14 14:19:16.989 > =========================================== Started
2021-04-14 14:19:17.163 > [INF] loadFolder: /home/eran/matlab/AstroPack/matlab/base/../../config
2021-04-14 14:19:17.174 > [INF] Adding property: A.b
2021-04-14 14:19:17.178 > [INF] loadYaml: Loading file: /home/eran/matlab/AstroPack/config/A.b.yml
2021-04-14 14:19:17.406 > [INF] Adding property: BitMask.Image.Default
2021-04-14 14:19:17.419 > [INF] loadYaml: Loading file: /home/eran/matlab/AstroPack/config/BitMask.Image.Default.yml
2021-04-14 14:19:17.438 > [ERR] loadYaml: Exception loading file: /home/eran/matlab/AstroPack/config/BitMask.Image.Default.yml
2021-04-14 14:19:17.439 > [ERR] loadFile: Exception: /home/eran/matlab/AstroPack/config/BitMask.Image.Default.yml
2021-04-14 14:19:17.441 > [INF] Adding property: Header.Comments.Default
2021-04-14 14:19:17.442 > [INF] loadYaml: Loading file: /home/eran/matlab/AstroPack/config/Header.Comments.Default.yml
2021-04-14 14:19:17.591 > [INF] Adding property: Header.KeyNames.Default
2021-04-14 14:19:17.592 > [INF] loadYaml: Loading file: /home/eran/matlab/AstroPack/config/Header.KeyNames.Default.yml
2021-04-14 14:19:17.747 > [INF] Adding property: Header.Synonyms.KeyNames
2021-04-14 14:19:17.748 > [INF] loadYaml: Loading file: /home/eran/matlab/AstroPack/config/Header.Synonyms.KeyNames.yml
2021-04-14 14:19:17.799 > [INF] Adding property: Header.Synonyms.KeyVal.IMTYPE
2021-04-14 14:19:17.800 > [INF] loadYaml: Loading file: /home/eran/matlab/AstroPack/config/Header.Synonyms.KeyVal.IMTYPE.yml
2021-04-14 14:19:17.824 > [INF] Adding property: Header.Time.KeyNames
2021-04-14 14:19:17.825 > [INF] loadYaml: Loading file: /home/eran/matlab/AstroPack/config/Header.Time.KeyNames.yml
2021-04-14 14:19:17.845 > [INF] Adding property: header
2021-04-14 14:19:17.846 > [INF] loadYaml: Loading file: /home/eran/matlab/AstroPack/config/header.yml
2021-04-14 14:19:17.854 > [ERR] loadYaml: Exception loading file: /home/eran/matlab/AstroPack/config/header.yml
2021-04-14 14:19:17.855 > [ERR] loadFile: Exception: /home/eran/matlab/AstroPack/config/header.yml
2021-04-14 14:19:17.857 > [INF] Adding property: pipeline
2021-04-14 14:19:17.857 > [INF] loadYaml: Loading file: /home/eran/matlab/AstroPack/config/pipeline.yml
2021-04-14 14:19:17.894 > [INF] Adding property: system
2021-04-14 14:19:17.894 > [INF] loadYaml: Loading file: /home/eran/matlab/AstroPack/config/system.yml
2021-04-14 14:19:17.915 > [INF] Adding property: unittest
2021-04-14 14:19:17.916 > [INF] loadYaml: Loading file: /home/eran/matlab/AstroPack/config/unittest.yml
2021-04-14 14:19:17.987 > [INF] loadFolder: /home/eran/matlab/AstroPack/matlab/base/../../config/local
2021-04-14 14:19:18.066 > [INF] loadFolder: /home/eran/matlab/AstroPack/matlab/base/../../config
2021-04-14 14:19:18.068 > [INF] Adding property: A.b
2021-04-14 14:19:18.069 > [INF] loadYaml: Loading file: /home/eran/matlab/AstroPack/config/A.b.yml
2021-04-14 14:19:18.128 > [INF] Adding property: BitMask.Image.Default
2021-04-14 14:19:18.129 > [INF] loadYaml: Loading file: /home/eran/matlab/AstroPack/config/BitMask.Image.Default.yml
2021-04-14 14:19:18.136 > [ERR] loadYaml: Exception loading file: /home/eran/matlab/AstroPack/config/BitMask.Image.Default.yml
2021-04-14 14:19:18.137 > [ERR] loadFile: Exception: /home/eran/matlab/AstroPack/config/BitMask.Image.Default.yml
2021-04-14 14:19:18.138 > [INF] Adding property: Header.Comments.Default
2021-04-14 14:19:18.139 > [INF] loadYaml: Loading file: /home/eran/matlab/AstroPack/config/Header.Comments.Default.yml
2021-04-14 14:19:18.264 > [INF] Adding property: Header.KeyNames.Default
2021-04-14 14:19:18.265 > [INF] loadYaml: Loading file: /home/eran/matlab/AstroPack/config/Header.KeyNames.Default.yml
2021-04-14 14:19:18.385 > [INF] Adding property: Header.Synonyms.KeyNames
2021-04-14 14:19:18.386 > [INF] loadYaml: Loading file: /home/eran/matlab/AstroPack/config/Header.Synonyms.KeyNames.yml
2021-04-14 14:19:18.411 > [INF] Adding property: Header.Synonyms.KeyVal.IMTYPE
2021-04-14 14:19:18.412 > [INF] loadYaml: Loading file: /home/eran/matlab/AstroPack/config/Header.Synonyms.KeyVal.IMTYPE.yml
2021-04-14 14:19:18.432 > [INF] Adding property: Header.Time.KeyNames
2021-04-14 14:19:18.433 > [INF] loadYaml: Loading file: /home/eran/matlab/AstroPack/config/Header.Time.KeyNames.yml
2021-04-14 14:19:18.453 > [INF] Adding property: header
2021-04-14 14:19:18.454 > [INF] loadYaml: Loading file: /home/eran/matlab/AstroPack/config/header.yml
2021-04-14 14:19:18.460 > [ERR] loadYaml: Exception loading file: /home/eran/matlab/AstroPack/config/header.yml
2021-04-14 14:19:18.462 > [ERR] loadFile: Exception: /home/eran/matlab/AstroPack/config/header.yml
2021-04-14 14:19:18.463 > [INF] Adding property: pipeline
2021-04-14 14:19:18.463 > [INF] loadYaml: Loading file: /home/eran/matlab/AstroPack/config/pipeline.yml
2021-04-14 14:19:18.495 > [INF] Adding property: system
2021-04-14 14:19:18.496 > [INF] loadYaml: Loading file: /home/eran/matlab/AstroPack/config/system.yml
2021-04-14 14:19:18.517 > [INF] Adding property: unittest
2021-04-14 14:19:18.518 > [INF] loadYaml: Loading file: /home/eran/matlab/AstroPack/config/unittest.yml
2021-04-14 14:19:18.576 > [INF] loadFolder: /home/eran/matlab/AstroPack/matlab/base/../../config/local
2021-04-14 14:19:18.652 > [INF] loadFolder: /home/eran/matlab/AstroPack/matlab/base/../../config
2021-04-14 14:19:18.654 > [INF] Adding property: A.b
2021-04-14 14:19:18.655 > [INF] loadYaml: Loading file: /home/eran/matlab/AstroPack/config/A.b.yml
2021-04-14 14:19:18.714 > [INF] Adding property: BitMask.Image.Default
2021-04-14 14:19:18.715 > [INF] loadYaml: Loading file: /home/eran/matlab/AstroPack/config/BitMask.Image.Default.yml
2021-04-14 14:19:18.724 > [ERR] loadYaml: Exception loading file: /home/eran/matlab/AstroPack/config/BitMask.Image.Default.yml
2021-04-14 14:19:18.725 > [ERR] loadFile: Exception: /home/eran/matlab/AstroPack/config/BitMask.Image.Default.yml
2021-04-14 14:19:18.726 > [INF] Adding property: Header.Comments.Default
2021-04-14 14:19:18.727 > [INF] loadYaml: Loading file: /home/eran/matlab/AstroPack/config/Header.Comments.Default.yml
2021-04-14 14:19:18.853 > [INF] Adding property: Header.KeyNames.Default
2021-04-14 14:19:18.854 > [INF] loadYaml: Loading file: /home/eran/matlab/AstroPack/config/Header.KeyNames.Default.yml
2021-04-14 14:19:18.975 > [INF] Adding property: Header.Synonyms.KeyNames
2021-04-14 14:19:18.976 > [INF] loadYaml: Loading file: /home/eran/matlab/AstroPack/config/Header.Synonyms.KeyNames.yml
2021-04-14 14:19:19.000 > [INF] Adding property: Header.Synonyms.KeyVal.IMTYPE
2021-04-14 14:19:19.001 > [INF] loadYaml: Loading file: /home/eran/matlab/AstroPack/config/Header.Synonyms.KeyVal.IMTYPE.yml
2021-04-14 14:19:19.022 > [INF] Adding property: Header.Time.KeyNames
2021-04-14 14:19:19.023 > [INF] loadYaml: Loading file: /home/eran/matlab/AstroPack/config/Header.Time.KeyNames.yml
2021-04-14 14:19:19.043 > [INF] Adding property: header
2021-04-14 14:19:19.044 > [INF] loadYaml: Loading file: /home/eran/matlab/AstroPack/config/header.yml
2021-04-14 14:19:19.050 > [ERR] loadYaml: Exception loading file: /home/eran/matlab/AstroPack/config/header.yml
2021-04-14 14:19:19.051 > [ERR] loadFile: Exception: /home/eran/matlab/AstroPack/config/header.yml
2021-04-14 14:19:19.052 > [INF] Adding property: pipeline
2021-04-14 14:19:19.053 > [INF] loadYaml: Loading file: /home/eran/matlab/AstroPack/config/pipeline.yml
2021-04-14 14:19:19.084 > [INF] Adding property: system
2021-04-14 14:19:19.085 > [INF] loadYaml: Loading file: /home/eran/matlab/AstroPack/config/system.yml
2021-04-14 14:19:19.105 > [INF] Adding property: unittest
2021-04-14 14:19:19.105 > [INF] loadYaml: Loading file: /home/eran/matlab/AstroPack/config/unittest.yml
2021-04-14 14:19:19.163 > [INF] loadFolder: /home/eran/matlab/AstroPack/matlab/base/../../config/local
2021-04-14 14:19:19.248 > [INF] loadFolder: /home/eran/matlab/AstroPack/matlab/base/../../config
2021-04-14 14:19:19.250 > [INF] Adding property: A.b
2021-04-14 14:19:19.251 > [INF] loadYaml: Loading file: /home/eran/matlab/AstroPack/config/A.b.yml
2021-04-14 14:19:19.310 > [INF] Adding property: BitMask.Image.Default
2021-04-14 14:19:19.311 > [INF] loadYaml: Loading file: /home/eran/matlab/AstroPack/config/BitMask.Image.Default.yml
2021-04-14 14:19:19.317 > [ERR] loadYaml: Exception loading file: /home/eran/matlab/AstroPack/config/BitMask.Image.Default.yml
2021-04-14 14:19:19.318 > [ERR] loadFile: Exception: /home/eran/matlab/AstroPack/config/BitMask.Image.Default.yml
2021-04-14 14:19:19.319 > [INF] Adding property: Header.Comments.Default
2021-04-14 14:19:19.320 > [INF] loadYaml: Loading file: /home/eran/matlab/AstroPack/config/Header.Comments.Default.yml
2021-04-14 14:19:19.441 > [INF] Adding property: Header.KeyNames.Default
2021-04-14 14:19:19.442 > [INF] loadYaml: Loading file: /home/eran/matlab/AstroPack/config/Header.KeyNames.Default.yml
2021-04-14 14:19:19.562 > [INF] Adding property: Header.Synonyms.KeyNames
2021-04-14 14:19:19.563 > [INF] loadYaml: Loading file: /home/eran/matlab/AstroPack/config/Header.Synonyms.KeyNames.yml
2021-04-14 14:19:19.587 > [INF] Adding property: Header.Synonyms.KeyVal.IMTYPE
2021-04-14 14:19:19.588 > [INF] loadYaml: Loading file: /home/eran/matlab/AstroPack/config/Header.Synonyms.KeyVal.IMTYPE.yml
2021-04-14 14:19:19.608 > [INF] Adding property: Header.Time.KeyNames
2021-04-14 14:19:19.609 > [INF] loadYaml: Loading file: /home/eran/matlab/AstroPack/config/Header.Time.KeyNames.yml
2021-04-14 14:19:19.630 > [INF] Adding property: header
2021-04-14 14:19:19.631 > [INF] loadYaml: Loading file: /home/eran/matlab/AstroPack/config/header.yml
2021-04-14 14:19:19.636 > [ERR] loadYaml: Exception loading file: /home/eran/matlab/AstroPack/config/header.yml
2021-04-14 14:19:19.637 > [ERR] loadFile: Exception: /home/eran/matlab/AstroPack/config/header.yml
2021-04-14 14:19:19.639 > [INF] Adding property: pipeline
2021-04-14 14:19:19.639 > [INF] loadYaml: Loading file: /home/eran/matlab/AstroPack/config/pipeline.yml
2021-04-14 14:19:19.672 > [INF] Adding property: system
2021-04-14 14:19:19.673 > [INF] loadYaml: Loading file: /home/eran/matlab/AstroPack/config/system.yml
2021-04-14 14:19:19.694 > [INF] Adding property: unittest
2021-04-14 14:19:19.695 > [INF] loadYaml: Loading file: /home/eran/matlab/AstroPack/config/unittest.yml
2021-04-14 14:19:19.757 > [INF] loadFolder: /home/eran/matlab/AstroPack/matlab/base/../../config/local
