2021-04-25 20:33:48.440 > =========================================== Started
2021-04-25 20:33:48.534 > [INF] loadFolder: /home/eran/matlab/AstroPack/matlab/base/../../config
2021-04-25 20:33:48.551 > [INF] Adding property: A.b
2021-04-25 20:33:48.555 > [INF] loadYaml: Loading file: /home/eran/matlab/AstroPack/config/A.b.yml
2021-04-25 20:33:49.401 > [INF] Adding property: BitMask.Image.Default
2021-04-25 20:33:49.441 > [INF] loadYaml: Loading file: /home/eran/matlab/AstroPack/config/BitMask.Image.Default.yml
2021-04-25 20:33:49.634 > [ERR] loadYaml: Exception loading file: /home/eran/matlab/AstroPack/config/BitMask.Image.Default.yml
2021-04-25 20:33:49.636 > [ERR] loadFile: Exception: /home/eran/matlab/AstroPack/config/BitMask.Image.Default.yml
2021-04-25 20:33:49.638 > [INF] Adding property: Header.Comments.Default
2021-04-25 20:33:49.639 > [INF] loadYaml: Loading file: /home/eran/matlab/AstroPack/config/Header.Comments.Default.yml
2021-04-25 20:33:49.819 > [INF] Adding property: Header.KeyNames.Default
2021-04-25 20:33:49.820 > [INF] loadYaml: Loading file: /home/eran/matlab/AstroPack/config/Header.KeyNames.Default.yml
2021-04-25 20:33:50.001 > [INF] Adding property: Header.Synonyms.KeyNames
2021-04-25 20:33:50.003 > [INF] loadYaml: Loading file: /home/eran/matlab/AstroPack/config/Header.Synonyms.KeyNames.yml
2021-04-25 20:33:50.058 > [INF] Adding property: Header.Synonyms.KeyVal.IMTYPE
2021-04-25 20:33:50.059 > [INF] loadYaml: Loading file: /home/eran/matlab/AstroPack/config/Header.Synonyms.KeyVal.IMTYPE.yml
2021-04-25 20:33:50.086 > [INF] Adding property: Header.Time.KeyNames
2021-04-25 20:33:50.087 > [INF] loadYaml: Loading file: /home/eran/matlab/AstroPack/config/Header.Time.KeyNames.yml
2021-04-25 20:33:50.097 > [ERR] loadYaml: Exception loading file: /home/eran/matlab/AstroPack/config/Header.Time.KeyNames.yml
2021-04-25 20:33:50.099 > [ERR] loadFile: Exception: /home/eran/matlab/AstroPack/config/Header.Time.KeyNames.yml
2021-04-25 20:33:50.100 > [INF] Adding property: header
2021-04-25 20:33:50.101 > [INF] loadYaml: Loading file: /home/eran/matlab/AstroPack/config/header.yml
2021-04-25 20:33:50.108 > [ERR] loadYaml: Exception loading file: /home/eran/matlab/AstroPack/config/header.yml
2021-04-25 20:33:50.109 > [ERR] loadFile: Exception: /home/eran/matlab/AstroPack/config/header.yml
2021-04-25 20:33:50.110 > [INF] Adding property: pipeline
2021-04-25 20:33:50.110 > [INF] loadYaml: Loading file: /home/eran/matlab/AstroPack/config/pipeline.yml
2021-04-25 20:33:50.153 > [INF] Adding property: system
2021-04-25 20:33:50.154 > [INF] loadYaml: Loading file: /home/eran/matlab/AstroPack/config/system.yml
2021-04-25 20:33:50.190 > [INF] Adding property: unittest
2021-04-25 20:33:50.191 > [INF] loadYaml: Loading file: /home/eran/matlab/AstroPack/config/unittest.yml
2021-04-25 20:33:50.270 > [INF] loadFolder: /home/eran/matlab/AstroPack/matlab/base/../../config/local
