2021-04-20 17:53:41.291 > =========================================== Started
2021-04-20 17:53:41.549 > [INF] loadFolder: /home/eran/matlab/AstroPack/matlab/base/../../config
2021-04-20 17:53:41.564 > [INF] Adding property: A.b
2021-04-20 17:53:41.568 > [INF] loadYaml: Loading file: /home/eran/matlab/AstroPack/config/A.b.yml
2021-04-20 17:53:42.404 > [INF] Adding property: BitMask.Image.Default
2021-04-20 17:53:42.440 > [INF] loadYaml: Loading file: /home/eran/matlab/AstroPack/config/BitMask.Image.Default.yml
2021-04-20 17:53:42.574 > [ERR] loadYaml: Exception loading file: /home/eran/matlab/AstroPack/config/BitMask.Image.Default.yml
2021-04-20 17:53:42.575 > [ERR] loadFile: Exception: /home/eran/matlab/AstroPack/config/BitMask.Image.Default.yml
2021-04-20 17:53:42.577 > [INF] Adding property: Header.Comments.Default
2021-04-20 17:53:42.578 > [INF] loadYaml: Loading file: /home/eran/matlab/AstroPack/config/Header.Comments.Default.yml
2021-04-20 17:53:42.752 > [INF] Adding property: Header.KeyNames.Default
2021-04-20 17:53:42.754 > [INF] loadYaml: Loading file: /home/eran/matlab/AstroPack/config/Header.KeyNames.Default.yml
2021-04-20 17:53:42.932 > [INF] Adding property: Header.Synonyms.KeyNames
2021-04-20 17:53:42.934 > [INF] loadYaml: Loading file: /home/eran/matlab/AstroPack/config/Header.Synonyms.KeyNames.yml
2021-04-20 17:53:42.987 > [INF] Adding property: Header.Synonyms.KeyVal.IMTYPE
2021-04-20 17:53:42.988 > [INF] loadYaml: Loading file: /home/eran/matlab/AstroPack/config/Header.Synonyms.KeyVal.IMTYPE.yml
2021-04-20 17:53:43.015 > [INF] Adding property: Header.Time.KeyNames
2021-04-20 17:53:43.016 > [INF] loadYaml: Loading file: /home/eran/matlab/AstroPack/config/Header.Time.KeyNames.yml
2021-04-20 17:53:43.038 > [INF] Adding property: header
2021-04-20 17:53:43.038 > [INF] loadYaml: Loading file: /home/eran/matlab/AstroPack/config/header.yml
2021-04-20 17:53:43.047 > [ERR] loadYaml: Exception loading file: /home/eran/matlab/AstroPack/config/header.yml
2021-04-20 17:53:43.048 > [ERR] loadFile: Exception: /home/eran/matlab/AstroPack/config/header.yml
2021-04-20 17:53:43.049 > [INF] Adding property: pipeline
2021-04-20 17:53:43.050 > [INF] loadYaml: Loading file: /home/eran/matlab/AstroPack/config/pipeline.yml
2021-04-20 17:53:43.093 > [INF] Adding property: system
2021-04-20 17:53:43.094 > [INF] loadYaml: Loading file: /home/eran/matlab/AstroPack/config/system.yml
2021-04-20 17:53:43.135 > [INF] Adding property: unittest
2021-04-20 17:53:43.136 > [INF] loadYaml: Loading file: /home/eran/matlab/AstroPack/config/unittest.yml
2021-04-20 17:53:43.221 > [INF] loadFolder: /home/eran/matlab/AstroPack/matlab/base/../../config/local
